[2026-01-24 19:27:29,386] 1025 httpx - INFO - HTTP Request: GET https://dagshub.com/api/v1/user "HTTP/1.1 200 OK"
[2026-01-24 19:27:29,392] 107 dagshub - INFO - Accessing as souravkumar-cloud
[2026-01-24 19:27:30,333] 1025 httpx - INFO - HTTP Request: GET https://dagshub.com/api/v1/repos/souravkumar-cloud/NetworkSecurity "HTTP/1.1 200 OK"
[2026-01-24 19:27:31,227] 1025 httpx - INFO - HTTP Request: GET https://dagshub.com/api/v1/user "HTTP/1.1 200 OK"
[2026-01-24 19:27:31,230] 107 dagshub - INFO - Initialized MLflow to track repo "souravkumar-cloud/NetworkSecurity"
[2026-01-24 19:27:31,231] 107 dagshub - INFO - Repository souravkumar-cloud/NetworkSecurity initialized!
[2026-01-24 19:28:35,966] 36 root - INFO - Start data ingestion
[2026-01-24 19:28:38,250] 56 root - INFO - Performed train test split on dataframe
[2026-01-24 19:28:38,250] 57 root - INFO - Exited split_data_as_train_test method of Data_Ingestion class
[2026-01-24 19:28:38,250] 60 root - INFO - Exporting train and test file path
[2026-01-24 19:28:38,355] 67 root - INFO - Exported train and test file path
[2026-01-24 19:28:38,356] 39 root - INFO - Data ingestion completed and artifact:DataIngestionArtifact(trained_file_path='Artifacts\\01-24-2026-19-27-24\\data_ingestion\\ingested\\train.csv', test_file_path='Artifacts\\01-24-2026-19-27-24\\data_ingestion\\ingested\\test.csv')
[2026-01-24 19:28:38,368] 48 root - INFO - Initiate the data Validation
[2026-01-24 19:28:38,486] 32 root - INFO - Requried number of columns:31
[2026-01-24 19:28:38,486] 33 root - INFO - Data frame has columns:31
[2026-01-24 19:28:38,486] 32 root - INFO - Requried number of columns:31
[2026-01-24 19:28:38,486] 33 root - INFO - Data frame has columns:31
[2026-01-24 19:28:38,871] 58 root - INFO - Initiate the data Transformation
[2026-01-24 19:28:38,871] 48 root - INFO - Entered the initiate_data_transformation method of DataTransforamtion class
[2026-01-24 19:28:38,871] 50 root - INFO - Starting data transformation
[2026-01-24 19:28:39,287] 38 root - INFO - Entered the get_data_transformer_object of the class DataTransfomer
[2026-01-24 19:28:39,287] 41 root - INFO - Initialise KNNImputer with {'missing_values': nan, 'n_neighbors': 3, 'weights': 'uniform'}
[2026-01-24 19:28:39,333] 50 root - INFO - Entered the save_object method of MainUtils class
[2026-01-24 19:28:39,338] 54 root - INFO - Exited the save_object method of MainUtils class
[2026-01-24 19:28:39,338] 50 root - INFO - Entered the save_object method of MainUtils class
[2026-01-24 19:28:39,341] 54 root - INFO - Exited the save_object method of MainUtils class
[2026-01-24 19:28:39,343] 66 root - INFO - Model Training started
