[2026-01-24 16:04:57,963] 1025 httpx - INFO - HTTP Request: GET https://dagshub.com/api/v1/user "HTTP/1.1 200 OK"
[2026-01-24 16:04:57,992] 107 dagshub - INFO - Accessing as souravkumar-cloud
[2026-01-24 16:04:58,989] 1025 httpx - INFO - HTTP Request: GET https://dagshub.com/api/v1/repos/souravkumar-cloud/NetworkSecurity "HTTP/1.1 200 OK"
[2026-01-24 16:04:59,989] 1025 httpx - INFO - HTTP Request: GET https://dagshub.com/api/v1/user "HTTP/1.1 200 OK"
[2026-01-24 16:05:00,001] 107 dagshub - INFO - Initialized MLflow to track repo "souravkumar-cloud/NetworkSecurity"
[2026-01-24 16:05:00,006] 107 dagshub - INFO - Repository souravkumar-cloud/NetworkSecurity initialized!
[2026-01-24 16:05:00,008] 18 root - INFO - Intiate the data ingestion
[2026-01-24 16:05:03,206] 56 root - INFO - Performed train test split on dataframe
[2026-01-24 16:05:03,207] 57 root - INFO - Exited split_data_as_train_test method of Data_Ingestion class
[2026-01-24 16:05:03,207] 60 root - INFO - Exporting train and test file path
[2026-01-24 16:05:03,286] 67 root - INFO - Exported train and test file path
[2026-01-24 16:05:03,287] 20 root - INFO - Data initiation Completed
[2026-01-24 16:05:03,293] 25 root - INFO - Initiate the data Validation
[2026-01-24 16:05:03,385] 32 root - INFO - Requried number of columns:31
[2026-01-24 16:05:03,385] 33 root - INFO - Data frame has columns:31
[2026-01-24 16:05:03,385] 32 root - INFO - Requried number of columns:31
[2026-01-24 16:05:03,385] 33 root - INFO - Data frame has columns:31
[2026-01-24 16:05:03,471] 27 root - INFO - data Validation Completed
[2026-01-24 16:05:03,471] 32 root - INFO - Initiate the data Transformation
[2026-01-24 16:05:03,471] 48 root - INFO - Entered the initiate_data_transformation method of DataTransforamtion class
[2026-01-24 16:05:03,471] 50 root - INFO - Starting data transformation
[2026-01-24 16:05:03,588] 38 root - INFO - Entered the get_data_transformer_object of the class DataTransfomer
[2026-01-24 16:05:03,588] 41 root - INFO - Initialise KNNImputer with {'missing_values': nan, 'n_neighbors': 3, 'weights': 'uniform'}
[2026-01-24 16:05:03,603] 50 root - INFO - Entered the save_object method of MainUtils class
[2026-01-24 16:05:03,606] 54 root - INFO - Exited the save_object method of MainUtils class
[2026-01-24 16:05:03,608] 34 root - INFO - data transformation completed
[2026-01-24 16:05:03,608] 37 root - INFO - Model Training started
